<?xml version="1.0" encoding="UTF-8"?>
<!-- Generated by org.testng.reporters.JUnitReportReporter -->
<testsuite hostname="DESKTOP-1L4S8NM" failures="0" tests="1" name="com.seleniumtest1.seleniumtest1.NewTest" time="0.001" errors="0" timestamp="08 Sep 2021 12:13:12 GMT" skipped="0">
  <testcase classname="com.seleniumtest1.seleniumtest1.NewTest" name="f" time="0.001"/>
</testsuite> <!-- com.seleniumtest1.seleniumtest1.NewTest -->
